<?xml version="1.0" encoding="UTF-8"?>
<testsuite xmlns:xsi="http://www.w3.org/2001/XMLSchema-instance" xsi:noNamespaceSchemaLocation="https://maven.apache.org/surefire/maven-surefire-plugin/xsd/surefire-test-report-3.0.xsd" version="3.0" name="TestSuite" time="18.624" tests="2" errors="0" skipped="0" failures="0">
  <properties>
    <property name="java.specification.version" value="23"/>
    <property name="webdriver.chrome.driver" value="C:\Users\melias\Desktop\chromedriver-win64\chromedriver.exe"/>
    <property name="sun.cpu.isalist" value="amd64"/>
    <property name="sun.jnu.encoding" value="Cp1256"/>
    <property name="java.class.path" value="C:\Users\melias\eclipse-workspace\rivtrans2\target\test-classes;C:\Users\melias\eclipse-workspace\rivtrans2\target\classes;C:\Users\melias\.m2\repository\org\testng\testng\7.11.0\testng-7.11.0.jar;C:\Users\melias\.m2\repository\org\slf4j\slf4j-api\2.0.16\slf4j-api-2.0.16.jar;C:\Users\melias\.m2\repository\org\jcommander\jcommander\1.83\jcommander-1.83.jar;C:\Users\melias\.m2\repository\org\webjars\jquery\3.7.1\jquery-3.7.1.jar;C:\Users\melias\.m2\repository\org\seleniumhq\selenium\selenium-java\4.29.0\selenium-java-4.29.0.jar;C:\Users\melias\.m2\repository\org\seleniumhq\selenium\selenium-api\4.29.0\selenium-api-4.29.0.jar;C:\Users\melias\.m2\repository\org\jspecify\jspecify\1.0.0\jspecify-1.0.0.jar;C:\Users\melias\.m2\repository\org\seleniumhq\selenium\selenium-chrome-driver\4.29.0\selenium-chrome-driver-4.29.0.jar;C:\Users\melias\.m2\repository\com\google\auto\service\auto-service-annotations\1.1.1\auto-service-annotations-1.1.1.jar;C:\Users\melias\.m2\repository\org\seleniumhq\selenium\selenium-chromium-driver\4.29.0\selenium-chromium-driver-4.29.0.jar;C:\Users\melias\.m2\repository\org\seleniumhq\selenium\selenium-json\4.29.0\selenium-json-4.29.0.jar;C:\Users\melias\.m2\repository\org\seleniumhq\selenium\selenium-manager\4.29.0\selenium-manager-4.29.0.jar;C:\Users\melias\.m2\repository\org\seleniumhq\selenium\selenium-devtools-v131\4.29.0\selenium-devtools-v131-4.29.0.jar;C:\Users\melias\.m2\repository\org\seleniumhq\selenium\selenium-devtools-v132\4.29.0\selenium-devtools-v132-4.29.0.jar;C:\Users\melias\.m2\repository\org\seleniumhq\selenium\selenium-devtools-v133\4.29.0\selenium-devtools-v133-4.29.0.jar;C:\Users\melias\.m2\repository\org\seleniumhq\selenium\selenium-devtools-v85\4.29.0\selenium-devtools-v85-4.29.0.jar;C:\Users\melias\.m2\repository\org\seleniumhq\selenium\selenium-edge-driver\4.29.0\selenium-edge-driver-4.29.0.jar;C:\Users\melias\.m2\repository\org\seleniumhq\selenium\selenium-firefox-driver\4.29.0\selenium-firefox-driver-4.29.0.jar;C:\Users\melias\.m2\repository\org\seleniumhq\selenium\selenium-http\4.29.0\selenium-http-4.29.0.jar;C:\Users\melias\.m2\repository\org\seleniumhq\selenium\selenium-ie-driver\4.29.0\selenium-ie-driver-4.29.0.jar;C:\Users\melias\.m2\repository\org\seleniumhq\selenium\selenium-remote-driver\4.29.0\selenium-remote-driver-4.29.0.jar;C:\Users\melias\.m2\repository\com\google\guava\guava\33.4.0-jre\guava-33.4.0-jre.jar;C:\Users\melias\.m2\repository\com\google\guava\failureaccess\1.0.2\failureaccess-1.0.2.jar;C:\Users\melias\.m2\repository\com\google\guava\listenablefuture\9999.0-empty-to-avoid-conflict-with-guava\listenablefuture-9999.0-empty-to-avoid-conflict-with-guava.jar;C:\Users\melias\.m2\repository\com\google\code\findbugs\jsr305\3.0.2\jsr305-3.0.2.jar;C:\Users\melias\.m2\repository\org\checkerframework\checker-qual\3.43.0\checker-qual-3.43.0.jar;C:\Users\melias\.m2\repository\com\google\errorprone\error_prone_annotations\2.36.0\error_prone_annotations-2.36.0.jar;C:\Users\melias\.m2\repository\com\google\j2objc\j2objc-annotations\3.0.0\j2objc-annotations-3.0.0.jar;C:\Users\melias\.m2\repository\io\opentelemetry\semconv\opentelemetry-semconv\1.28.0-alpha\opentelemetry-semconv-1.28.0-alpha.jar;C:\Users\melias\.m2\repository\io\opentelemetry\opentelemetry-api\1.46.0\opentelemetry-api-1.46.0.jar;C:\Users\melias\.m2\repository\io\opentelemetry\opentelemetry-context\1.46.0\opentelemetry-context-1.46.0.jar;C:\Users\melias\.m2\repository\io\opentelemetry\opentelemetry-exporter-logging\1.46.0\opentelemetry-exporter-logging-1.46.0.jar;C:\Users\melias\.m2\repository\io\opentelemetry\opentelemetry-sdk-common\1.46.0\opentelemetry-sdk-common-1.46.0.jar;C:\Users\melias\.m2\repository\io\opentelemetry\opentelemetry-sdk-extension-autoconfigure-spi\1.46.0\opentelemetry-sdk-extension-autoconfigure-spi-1.46.0.jar;C:\Users\melias\.m2\repository\io\opentelemetry\opentelemetry-sdk-extension-autoconfigure\1.46.0\opentelemetry-sdk-extension-autoconfigure-1.46.0.jar;C:\Users\melias\.m2\repository\io\opentelemetry\opentelemetry-api-incubator\1.46.0-alpha\opentelemetry-api-incubator-1.46.0-alpha.jar;C:\Users\melias\.m2\repository\io\opentelemetry\opentelemetry-sdk-trace\1.46.0\opentelemetry-sdk-trace-1.46.0.jar;C:\Users\melias\.m2\repository\io\opentelemetry\opentelemetry-sdk\1.46.0\opentelemetry-sdk-1.46.0.jar;C:\Users\melias\.m2\repository\io\opentelemetry\opentelemetry-sdk-metrics\1.46.0\opentelemetry-sdk-metrics-1.46.0.jar;C:\Users\melias\.m2\repository\io\opentelemetry\opentelemetry-sdk-logs\1.46.0\opentelemetry-sdk-logs-1.46.0.jar;C:\Users\melias\.m2\repository\net\bytebuddy\byte-buddy\1.15.11\byte-buddy-1.15.11.jar;C:\Users\melias\.m2\repository\org\seleniumhq\selenium\selenium-os\4.29.0\selenium-os-4.29.0.jar;C:\Users\melias\.m2\repository\org\apache\commons\commons-exec\1.4.0\commons-exec-1.4.0.jar;C:\Users\melias\.m2\repository\org\seleniumhq\selenium\selenium-safari-driver\4.29.0\selenium-safari-driver-4.29.0.jar;C:\Users\melias\.m2\repository\org\seleniumhq\selenium\selenium-support\4.29.0\selenium-support-4.29.0.jar;C:\Users\melias\.m2\repository\com\google\code\gson\gson\2.8.8\gson-2.8.8.jar;"/>
    <property name="java.vm.vendor" value="Eclipse Adoptium"/>
    <property name="sun.arch.data.model" value="64"/>
    <property name="user.variant" value=""/>
    <property name="java.vendor.url" value="https://adoptium.net/"/>
    <property name="user.timezone" value="Africa/Cairo"/>
    <property name="os.name" value="Windows 10"/>
    <property name="java.vm.specification.version" value="23"/>
    <property name="sun.java.launcher" value="SUN_STANDARD"/>
    <property name="user.country" value="US"/>
    <property name="sun.boot.library.path" value="C:\Users\melias\.p2\pool\plugins\org.eclipse.justj.openjdk.hotspot.jre.full.win32.x86_64_23.0.1.v20241024-1700\jre\bin"/>
    <property name="sun.java.command" value="C:\Users\melias\AppData\Local\Temp\surefire4506620464436542095\surefirebooter-20250311152649733_3.jar C:\Users\melias\AppData\Local\Temp\surefire4506620464436542095 2025-03-11T15-26-16_637-jvmRun1 surefire-20250311152649733_1tmp surefire_0-20250311152649733_2tmp"/>
    <property name="jdk.debug" value="release"/>
    <property name="surefire.test.class.path" value="C:\Users\melias\eclipse-workspace\rivtrans2\target\test-classes;C:\Users\melias\eclipse-workspace\rivtrans2\target\classes;C:\Users\melias\.m2\repository\org\testng\testng\7.11.0\testng-7.11.0.jar;C:\Users\melias\.m2\repository\org\slf4j\slf4j-api\2.0.16\slf4j-api-2.0.16.jar;C:\Users\melias\.m2\repository\org\jcommander\jcommander\1.83\jcommander-1.83.jar;C:\Users\melias\.m2\repository\org\webjars\jquery\3.7.1\jquery-3.7.1.jar;C:\Users\melias\.m2\repository\org\seleniumhq\selenium\selenium-java\4.29.0\selenium-java-4.29.0.jar;C:\Users\melias\.m2\repository\org\seleniumhq\selenium\selenium-api\4.29.0\selenium-api-4.29.0.jar;C:\Users\melias\.m2\repository\org\jspecify\jspecify\1.0.0\jspecify-1.0.0.jar;C:\Users\melias\.m2\repository\org\seleniumhq\selenium\selenium-chrome-driver\4.29.0\selenium-chrome-driver-4.29.0.jar;C:\Users\melias\.m2\repository\com\google\auto\service\auto-service-annotations\1.1.1\auto-service-annotations-1.1.1.jar;C:\Users\melias\.m2\repository\org\seleniumhq\selenium\selenium-chromium-driver\4.29.0\selenium-chromium-driver-4.29.0.jar;C:\Users\melias\.m2\repository\org\seleniumhq\selenium\selenium-json\4.29.0\selenium-json-4.29.0.jar;C:\Users\melias\.m2\repository\org\seleniumhq\selenium\selenium-manager\4.29.0\selenium-manager-4.29.0.jar;C:\Users\melias\.m2\repository\org\seleniumhq\selenium\selenium-devtools-v131\4.29.0\selenium-devtools-v131-4.29.0.jar;C:\Users\melias\.m2\repository\org\seleniumhq\selenium\selenium-devtools-v132\4.29.0\selenium-devtools-v132-4.29.0.jar;C:\Users\melias\.m2\repository\org\seleniumhq\selenium\selenium-devtools-v133\4.29.0\selenium-devtools-v133-4.29.0.jar;C:\Users\melias\.m2\repository\org\seleniumhq\selenium\selenium-devtools-v85\4.29.0\selenium-devtools-v85-4.29.0.jar;C:\Users\melias\.m2\repository\org\seleniumhq\selenium\selenium-edge-driver\4.29.0\selenium-edge-driver-4.29.0.jar;C:\Users\melias\.m2\repository\org\seleniumhq\selenium\selenium-firefox-driver\4.29.0\selenium-firefox-driver-4.29.0.jar;C:\Users\melias\.m2\repository\org\seleniumhq\selenium\selenium-http\4.29.0\selenium-http-4.29.0.jar;C:\Users\melias\.m2\repository\org\seleniumhq\selenium\selenium-ie-driver\4.29.0\selenium-ie-driver-4.29.0.jar;C:\Users\melias\.m2\repository\org\seleniumhq\selenium\selenium-remote-driver\4.29.0\selenium-remote-driver-4.29.0.jar;C:\Users\melias\.m2\repository\com\google\guava\guava\33.4.0-jre\guava-33.4.0-jre.jar;C:\Users\melias\.m2\repository\com\google\guava\failureaccess\1.0.2\failureaccess-1.0.2.jar;C:\Users\melias\.m2\repository\com\google\guava\listenablefuture\9999.0-empty-to-avoid-conflict-with-guava\listenablefuture-9999.0-empty-to-avoid-conflict-with-guava.jar;C:\Users\melias\.m2\repository\com\google\code\findbugs\jsr305\3.0.2\jsr305-3.0.2.jar;C:\Users\melias\.m2\repository\org\checkerframework\checker-qual\3.43.0\checker-qual-3.43.0.jar;C:\Users\melias\.m2\repository\com\google\errorprone\error_prone_annotations\2.36.0\error_prone_annotations-2.36.0.jar;C:\Users\melias\.m2\repository\com\google\j2objc\j2objc-annotations\3.0.0\j2objc-annotations-3.0.0.jar;C:\Users\melias\.m2\repository\io\opentelemetry\semconv\opentelemetry-semconv\1.28.0-alpha\opentelemetry-semconv-1.28.0-alpha.jar;C:\Users\melias\.m2\repository\io\opentelemetry\opentelemetry-api\1.46.0\opentelemetry-api-1.46.0.jar;C:\Users\melias\.m2\repository\io\opentelemetry\opentelemetry-context\1.46.0\opentelemetry-context-1.46.0.jar;C:\Users\melias\.m2\repository\io\opentelemetry\opentelemetry-exporter-logging\1.46.0\opentelemetry-exporter-logging-1.46.0.jar;C:\Users\melias\.m2\repository\io\opentelemetry\opentelemetry-sdk-common\1.46.0\opentelemetry-sdk-common-1.46.0.jar;C:\Users\melias\.m2\repository\io\opentelemetry\opentelemetry-sdk-extension-autoconfigure-spi\1.46.0\opentelemetry-sdk-extension-autoconfigure-spi-1.46.0.jar;C:\Users\melias\.m2\repository\io\opentelemetry\opentelemetry-sdk-extension-autoconfigure\1.46.0\opentelemetry-sdk-extension-autoconfigure-1.46.0.jar;C:\Users\melias\.m2\repository\io\opentelemetry\opentelemetry-api-incubator\1.46.0-alpha\opentelemetry-api-incubator-1.46.0-alpha.jar;C:\Users\melias\.m2\repository\io\opentelemetry\opentelemetry-sdk-trace\1.46.0\opentelemetry-sdk-trace-1.46.0.jar;C:\Users\melias\.m2\repository\io\opentelemetry\opentelemetry-sdk\1.46.0\opentelemetry-sdk-1.46.0.jar;C:\Users\melias\.m2\repository\io\opentelemetry\opentelemetry-sdk-metrics\1.46.0\opentelemetry-sdk-metrics-1.46.0.jar;C:\Users\melias\.m2\repository\io\opentelemetry\opentelemetry-sdk-logs\1.46.0\opentelemetry-sdk-logs-1.46.0.jar;C:\Users\melias\.m2\repository\net\bytebuddy\byte-buddy\1.15.11\byte-buddy-1.15.11.jar;C:\Users\melias\.m2\repository\org\seleniumhq\selenium\selenium-os\4.29.0\selenium-os-4.29.0.jar;C:\Users\melias\.m2\repository\org\apache\commons\commons-exec\1.4.0\commons-exec-1.4.0.jar;C:\Users\melias\.m2\repository\org\seleniumhq\selenium\selenium-safari-driver\4.29.0\selenium-safari-driver-4.29.0.jar;C:\Users\melias\.m2\repository\org\seleniumhq\selenium\selenium-support\4.29.0\selenium-support-4.29.0.jar;C:\Users\melias\.m2\repository\com\google\code\gson\gson\2.8.8\gson-2.8.8.jar;"/>
    <property name="sun.cpu.endian" value="little"/>
    <property name="user.home" value="C:\Users\melias"/>
    <property name="user.language" value="en"/>
    <property name="java.specification.vendor" value="Oracle Corporation"/>
    <property name="java.version.date" value="2024-10-15"/>
    <property name="java.home" value="C:\Users\melias\.p2\pool\plugins\org.eclipse.justj.openjdk.hotspot.jre.full.win32.x86_64_23.0.1.v20241024-1700\jre"/>
    <property name="file.separator" value="\"/>
    <property name="basedir" value="C:\Users\melias\eclipse-workspace\rivtrans2"/>
    <property name="java.vm.compressedOopsMode" value="Zero based"/>
    <property name="line.separator" value="&#10;"/>
    <property name="java.vm.specification.vendor" value="Oracle Corporation"/>
    <property name="java.specification.name" value="Java Platform API Specification"/>
    <property name="surefire.real.class.path" value="C:\Users\melias\AppData\Local\Temp\surefire4506620464436542095\surefirebooter-20250311152649733_3.jar"/>
    <property name="user.script" value=""/>
    <property name="sun.management.compiler" value="HotSpot 64-Bit Tiered Compilers"/>
    <property name="java.runtime.version" value="23.0.1+11"/>
    <property name="user.name" value="melias"/>
    <property name="stdout.encoding" value="Cp1256"/>
    <property name="path.separator" value=";"/>
    <property name="os.version" value="10.0"/>
    <property name="java.runtime.name" value="OpenJDK Runtime Environment"/>
    <property name="file.encoding" value="UTF-8"/>
    <property name="java.vm.name" value="OpenJDK 64-Bit Server VM"/>
    <property name="java.vendor.version" value="Temurin-23.0.1+11"/>
    <property name="localRepository" value="C:\Users\melias\.m2\repository"/>
    <property name="java.vendor.url.bug" value="https://github.com/adoptium/adoptium-support/issues"/>
    <property name="java.io.tmpdir" value="C:\Users\melias\AppData\Local\Temp\"/>
    <property name="java.version" value="23.0.1"/>
    <property name="user.dir" value="C:\Users\melias\eclipse-workspace\rivtrans2"/>
    <property name="os.arch" value="amd64"/>
    <property name="java.vm.specification.name" value="Java Virtual Machine Specification"/>
    <property name="sun.os.patch.level" value=""/>
    <property name="native.encoding" value="Cp1256"/>
    <property name="java.library.path" value="C:\Users\melias\.p2\pool\plugins\org.eclipse.justj.openjdk.hotspot.jre.full.win32.x86_64_23.0.1.v20241024-1700\jre\bin;C:\WINDOWS\Sun\Java\bin;C:\WINDOWS\system32;C:\WINDOWS;C:\Users\melias\bin;C:\Program Files\Git\mingw64\bin;C:\Program Files\Git\usr\local\bin;C:\Program Files\Git\usr\bin;C:\Program Files\Git\usr\bin;C:\Program Files\Git\mingw64\bin;C:\Program Files\Git\usr\bin;C:\Users\melias\bin;C:\Users\melias\.p2\pool\plugins\org.eclipse.justj.openjdk.hotspot.jre.full.win32.x86_64_23.0.1.v20241024-1700\jre\bin\server;C:\Users\melias\.p2\pool\plugins\org.eclipse.justj.openjdk.hotspot.jre.full.win32.x86_64_23.0.1.v20241024-1700\jre\bin;C:\Python313\Scripts;C:\Python313;C:\Program Files\Common Files\Oracle\Java\javapath;C:\Program Files (x86)\Common Files\Oracle\Java\javapath;C:\ProgramData\Oracle\Java\javapath;E:\app\yhesham\product\11.2.0\client_1;E:\product\11.1.0\client_1;C:\WINDOWS\system32;C:\WINDOWS;C:\WINDOWS\System32\Wbem;C:\WINDOWS\System32\WindowsPowerShell\v1.0;C:\WINDOWS\System32\OpenSSH;C:\Program Files\TortoiseSVN\bin;E:\instantclient_12_1;C:\Program Files (x86)\Windows Live\Shared;C:\Program Files\Git\cmd;C:\ProgramData\chocolatey\bin;C:\Program Files\nodejs;C:\Program Files\apache-maven-3.8.1\bin;C:\Users\melias\AppData\Local\Microsoft\WindowsApps;C:\Users\melias\AppData\Roaming\npm;C:\Program Files\apache-maven-3.8.1\bin;C:\Users\melias\Desktop;C:\Program Files\Git\usr\bin\vendor_perl;C:\Program Files\Git\usr\bin\core_perl;."/>
    <property name="java.vm.info" value="mixed mode, sharing"/>
    <property name="stderr.encoding" value="Cp1256"/>
    <property name="java.vendor" value="Eclipse Adoptium"/>
    <property name="java.vm.version" value="23.0.1+11"/>
    <property name="sun.io.unicode.encoding" value="UnicodeLittle"/>
    <property name="java.class.version" value="67.0"/>
  </properties>
  <testcase name="validLoginVisbleLoge" classname="com.rivtrans.tests.HomeTest" time="1.546">
    <system-err><![CDATA[SLF4J(W): No SLF4J providers were found.
SLF4J(W): Defaulting to no-operation (NOP) logger implementation
SLF4J(W): See https://www.slf4j.org/codes.html#noProviders for further details.
Mar 11, 2025 3:26:53 PM org.openqa.selenium.devtools.CdpVersionFinder findNearestMatch
WARNING: Unable to find an exact match for CDP version 134, returning the closest version; found: 133; Please update to a Selenium version that supports CDP version 134
]]></system-err>
  </testcase>
  <testcase name="invalidLogin" classname="com.rivtrans.tests.LoginTest" time="8.415">
    <system-err><![CDATA[Mar 11, 2025 3:26:59 PM org.openqa.selenium.devtools.CdpVersionFinder findNearestMatch
WARNING: Unable to find an exact match for CDP version 134, returning the closest version; found: 133; Please update to a Selenium version that supports CDP version 134
]]></system-err>
  </testcase>
</testsuite>