<?xml version="1.0" encoding="UTF-8" ?>
<testsuite tests="1" failures="0" name="TestSuite" time="0.422" errors="0" skipped="0">
  <properties>
    <property name="java.runtime.name" value="OpenJDK Runtime Environment"/>
    <property name="java.vm.version" value="23.0.1+11"/>
    <property name="sun.boot.library.path" value="C:\Users\melias\.p2\pool\plugins\org.eclipse.justj.openjdk.hotspot.jre.full.win32.x86_64_23.0.1.v20241024-1700\jre\bin"/>
    <property name="maven.multiModuleProjectDirectory" value="C:/Users/melias/eclipse-workspace/rivtrans2"/>
    <property name="java.vm.vendor" value="Eclipse Adoptium"/>
    <property name="java.vendor.url" value="https://adoptium.net/"/>
    <property name="guice.disable.misplaced.annotation.check" value="true"/>
    <property name="path.separator" value=";"/>
    <property name="java.vm.name" value="OpenJDK 64-Bit Server VM"/>
    <property name="sun.os.patch.level" value=""/>
    <property name="user.script" value=""/>
    <property name="user.country" value="US"/>
    <property name="sun.java.launcher" value="SUN_STANDARD"/>
    <property name="java.vm.specification.name" value="Java Virtual Machine Specification"/>
    <property name="user.dir" value="C:\Users\melias\eclipse-workspace\rivtrans2"/>
    <property name="java.vm.compressedOopsMode" value="Zero based"/>
    <property name="java.runtime.version" value="23.0.1+11"/>
    <property name="os.arch" value="amd64"/>
    <property name="java.io.tmpdir" value="C:\Users\melias\AppData\Local\Temp\"/>
    <property name="line.separator" value="
"/>
    <property name="java.vm.specification.vendor" value="Oracle Corporation"/>
    <property name="user.variant" value=""/>
    <property name="stderr.encoding" value="cp720"/>
    <property name="os.name" value="Windows 10"/>
    <property name="classworlds.conf" value="C:/Program Files/apache-maven-3.8.1/bin/m2.conf"/>
    <property name="sun.jnu.encoding" value="Cp1256"/>
    <property name="stdout.encoding" value="cp720"/>
    <property name="java.library.path" value="C:\Users\melias\.p2\pool\plugins\org.eclipse.justj.openjdk.hotspot.jre.full.win32.x86_64_23.0.1.v20241024-1700\jre\bin;C:\WINDOWS\Sun\Java\bin;C:\WINDOWS\system32;C:\WINDOWS;C:\Users\melias\bin;C:\Program Files\Git\mingw64\bin;C:\Program Files\Git\usr\local\bin;C:\Program Files\Git\usr\bin;C:\Program Files\Git\usr\bin;C:\Program Files\Git\mingw64\bin;C:\Program Files\Git\usr\bin;C:\Users\melias\bin;C:\Users\melias\.p2\pool\plugins\org.eclipse.justj.openjdk.hotspot.jre.full.win32.x86_64_23.0.1.v20241024-1700\jre\bin\server;C:\Users\melias\.p2\pool\plugins\org.eclipse.justj.openjdk.hotspot.jre.full.win32.x86_64_23.0.1.v20241024-1700\jre\bin;C:\Python313\Scripts;C:\Python313;C:\Program Files\Common Files\Oracle\Java\javapath;C:\Program Files (x86)\Common Files\Oracle\Java\javapath;C:\ProgramData\Oracle\Java\javapath;E:\app\yhesham\product\11.2.0\client_1;E:\product\11.1.0\client_1;C:\WINDOWS\system32;C:\WINDOWS;C:\WINDOWS\System32\Wbem;C:\WINDOWS\System32\WindowsPowerShell\v1.0;C:\WINDOWS\System32\OpenSSH;C:\Program Files\TortoiseSVN\bin;E:\instantclient_12_1;C:\Program Files (x86)\Windows Live\Shared;C:\Program Files\Git\cmd;C:\ProgramData\chocolatey\bin;C:\Program Files\nodejs;C:\Program Files\apache-maven-3.8.1\bin;C:\Users\melias\AppData\Local\Microsoft\WindowsApps;C:\Users\melias\AppData\Roaming\npm;C:\Users\melias\Desktop;C:\Program Files\Git\usr\bin\vendor_perl;C:\Program Files\Git\usr\bin\core_perl;."/>
    <property name="maven.conf" value="C:/Program Files/apache-maven-3.8.1/conf"/>
    <property name="jdk.debug" value="release"/>
    <property name="java.class.version" value="67.0"/>
    <property name="java.specification.name" value="Java Platform API Specification"/>
    <property name="sun.management.compiler" value="HotSpot 64-Bit Tiered Compilers"/>
    <property name="os.version" value="10.0"/>
    <property name="library.jansi.path" value="C:/Program Files/apache-maven-3.8.1/lib/jansi-native"/>
    <property name="user.home" value="C:\Users\melias"/>
    <property name="user.timezone" value="Africa/Cairo"/>
    <property name="file.encoding" value="UTF-8"/>
    <property name="java.specification.version" value="23"/>
    <property name="user.name" value="melias"/>
    <property name="java.class.path" value="C:/Program Files/apache-maven-3.8.1/boot/plexus-classworlds-2.6.0.jar"/>
    <property name="java.vm.specification.version" value="23"/>
    <property name="sun.arch.data.model" value="64"/>
    <property name="sun.java.command" value="org.codehaus.plexus.classworlds.launcher.Launcher test"/>
    <property name="java.home" value="C:\Users\melias\.p2\pool\plugins\org.eclipse.justj.openjdk.hotspot.jre.full.win32.x86_64_23.0.1.v20241024-1700\jre"/>
    <property name="user.language" value="en"/>
    <property name="java.specification.vendor" value="Oracle Corporation"/>
    <property name="java.vm.info" value="mixed mode, sharing"/>
    <property name="java.version" value="23.0.1"/>
    <property name="native.encoding" value="Cp1256"/>
    <property name="java.vendor" value="Eclipse Adoptium"/>
    <property name="maven.home" value="C:\Program Files\apache-maven-3.8.1"/>
    <property name="file.separator" value="\"/>
    <property name="java.version.date" value="2024-10-15"/>
    <property name="java.vendor.url.bug" value="https://github.com/adoptium/adoptium-support/issues"/>
    <property name="sun.io.unicode.encoding" value="UnicodeLittle"/>
    <property name="sun.cpu.endian" value="little"/>
    <property name="java.vendor.version" value="Temurin-23.0.1+11"/>
    <property name="sun.cpu.isalist" value="amd64"/>
  </properties>
  <testcase classname="com.rivtrans.tests.HomeTest" name="testIvalidLoginErrorMessage" time="0.422"/>
</testsuite>