<?xml version="1.0" encoding="UTF-8"?>
<!-- Generated by org.testng.reporters.JUnitReportReporter -->
<testsuite hostname="RD-R-DT-7017" failures="0" tests="1" name="com.rivtrans.tests.HomeTest" time="0.354" errors="0" timestamp="2025-03-03T13:59:32 EET" skipped="0">
  <testcase classname="com.rivtrans.tests.HomeTest" name="validLogin" time="0.354"/>
</testsuite> <!-- com.rivtrans.tests.HomeTest -->
