<?xml version="1.0" encoding="UTF-8"?>
<!-- Generated by org.testng.reporters.JUnitReportReporter -->
<testsuite hostname="RD-R-DT-7017" failures="0" tests="1" name="com.rivtrans.tests.SecurityCheckTest" time="1.406" errors="0" timestamp="2025-02-19T15:32:57 EET" skipped="0">
  <testcase classname="com.rivtrans.tests.SecurityCheckTest" name="testIvalidLoginErrorMessage" time="1.406"/>
</testsuite> <!-- com.rivtrans.tests.SecurityCheckTest -->
