<?xml version="1.0" encoding="UTF-8"?>
<!-- Generated by org.testng.reporters.JUnitReportReporter -->
<testsuite hostname="RD-R-DT-7017" failures="0" tests="1" name="com.rivtrans.tests.CountriesTest" time="6.851" errors="0" timestamp="2025-03-12T12:09:20 EET" skipped="0">
  <testcase classname="com.rivtrans.tests.CountriesTest" name="validLoginVisbleLoge" time="6.851"/>
</testsuite> <!-- com.rivtrans.tests.CountriesTest -->
