<?xml version="1.0" encoding="UTF-8"?>
<!-- Generated by org.testng.reporters.JUnitReportReporter -->
<testsuite hostname="RD-R-DT-7017" failures="0" tests="1" name="com.rivtrans.tests.HomeTest" time="1.520" errors="0" timestamp="2025-03-11T14:27:39 EET" skipped="0">
  <testcase classname="com.rivtrans.tests.HomeTest" name="validLoginVisbleLoge" time="1.520"/>
</testsuite> <!-- com.rivtrans.tests.HomeTest -->
