<?xml version="1.0" encoding="UTF-8"?>
<!-- Generated by org.testng.reporters.JUnitReportReporter -->
<testsuite hostname="RD-R-DT-7017" failures="0" tests="1" name="com.rivtrans.tests.LoginTest" time="0.394" errors="0" timestamp="2025-03-11T13:22:34 EET" skipped="0">
  <testcase classname="com.rivtrans.tests.LoginTest" name="invalidLogin" time="0.394"/>
</testsuite> <!-- com.rivtrans.tests.LoginTest -->
