<?xml version="1.0" encoding="UTF-8"?>
<!-- Generated by org.testng.reporters.JUnitReportReporter -->
<testsuite hostname="RD-R-DT-7017" failures="0" tests="1" name="com.rivtrans.tests.LoginTest" time="0.383" errors="0" timestamp="2025-03-12T12:28:42 EET" skipped="0">
  <testcase classname="com.rivtrans.tests.LoginTest" name="invalidLogin" time="0.383"/>
</testsuite> <!-- com.rivtrans.tests.LoginTest -->
