<?xml version="1.0" encoding="UTF-8"?>
<!-- Generated by org.testng.reporters.JUnitReportReporter -->
<testsuite hostname="RD-R-DT-7017" failures="0" tests="1" name="com.rivtrans.tests.HomeTest" time="1.516" errors="0" timestamp="2025-03-12T12:28:42 EET" skipped="0">
  <testcase classname="com.rivtrans.tests.HomeTest" name="validLoginVisbleLoge" time="1.516"/>
</testsuite> <!-- com.rivtrans.tests.HomeTest -->
