<?xml version="1.0" encoding="UTF-8"?>
<!-- Generated by org.testng.reporters.JUnitReportReporter -->
<testsuite hostname="RD-R-DT-7017" failures="0" tests="1" name="com.rivtrans.tests.LoginTest" time="8.422" errors="0" timestamp="2025-03-11T15:27:09 EET" skipped="0">
  <testcase classname="com.rivtrans.tests.LoginTest" name="invalidLogin" time="8.422"/>
</testsuite> <!-- com.rivtrans.tests.LoginTest -->
